<?xml version="1.0" encoding="UTF-8"?>
<testng-results ignored="0" total="1" passed="1" failed="0" skipped="0">
  <reporter-output>
  </reporter-output>
  <suite started-at="2023-01-06T12:07:40 ART" name="Default suite" finished-at="2023-01-06T12:07:47 ART" duration-ms="6543">
    <groups>
    </groups>
    <test started-at="2023-01-06T12:07:40 ART" name="Default test" finished-at="2023-01-06T12:07:47 ART" duration-ms="6543">
      <class name="com.nancystream.testng.TestNGExample">
        <test-method is-config="true" signature="beforeClass()[pri:0, instance:com.nancystream.testng.TestNGExample@7c729a55]" started-at="2023-01-06T12:07:40 ART" name="beforeClass" finished-at="2023-01-06T12:07:45 ART" duration-ms="4733" status="PASS">
          <reporter-output>
          </reporter-output>
        </test-method> <!-- beforeClass -->
        <test-method signature="search_zapatillas()[pri:0, instance:com.nancystream.testng.TestNGExample@7c729a55]" started-at="2023-01-06T12:07:45 ART" name="search_zapatillas" finished-at="2023-01-06T12:07:47 ART" duration-ms="1780" status="PASS">
          <reporter-output>
          </reporter-output>
        </test-method> <!-- search_zapatillas -->
        <test-method is-config="true" signature="afterClass()[pri:0, instance:com.nancystream.testng.TestNGExample@7c729a55]" started-at="2023-01-06T12:07:47 ART" name="afterClass" finished-at="2023-01-06T12:07:47 ART" duration-ms="1" status="PASS">
          <reporter-output>
          </reporter-output>
        </test-method> <!-- afterClass -->
      </class> <!-- com.nancystream.testng.TestNGExample -->
    </test> <!-- Default test -->
  </suite> <!-- Default suite -->
</testng-results>
